\BOOKMARK [1][]{section.1}{Introdu\347\343o}{}
\BOOKMARK [2][]{subsection.1.1}{A met\341fora}{section.1}
\BOOKMARK [2][]{subsection.1.2}{Sinopse da \323pera}{section.1}
\BOOKMARK [2][]{subsection.1.3}{O que d\341 pra fazer}{section.1}
\BOOKMARK [1][]{section.2}{Rotina de trabalho}{}
\BOOKMARK [1][]{section.3}{Primeiro documento}{}
\BOOKMARK [2][]{subsection.3.1}{Texto e sequ\352ncias de controle}{section.3}
\BOOKMARK [2][]{subsection.3.2}{Um documento simples}{section.3}
\BOOKMARK [2][]{subsection.3.3}{Par\342metros}{section.3}
\BOOKMARK [2][]{subsection.3.4}{Regi\365es}{section.3}
\BOOKMARK [2][]{subsection.3.5}{Acentua\347\343o: para al\351m do ASCII}{section.3}
\BOOKMARK [2][]{subsection.3.6}{Pacotes}{section.3}
\BOOKMARK [2][]{subsection.3.7}{Verbatim: ambiente verbatim e \134verb}{section.3}
\BOOKMARK [2][]{subsection.3.8}{Escrevendo com flu\352ncia \204 rudimentos de tipografia}{section.3}
\BOOKMARK [3][]{subsubsection.3.8.1}{H\355fens e hifena\347\343o}{subsection.3.8}
\BOOKMARK [3][]{subsubsection.3.8.2}{Caracteres reservados}{subsection.3.8}
\BOOKMARK [3][]{subsubsection.3.8.3}{Apurando os sentidos: ligaduras, kerning}{subsection.3.8}
\BOOKMARK [1][]{section.4}{Elementos b\341sicos da composi\347\343o do texto}{}
\BOOKMARK [2][]{subsection.4.1}{Palavras de controle e texto}{section.4}
\BOOKMARK [2][]{subsection.4.2}{T\355tulos, autor e data de documentos}{section.4}
\BOOKMARK [2][]{subsection.4.3}{Sobre espa\347amento horizontal}{section.4}
\BOOKMARK [1][]{section.5}{Estruturando o texto}{}
\BOOKMARK [1][]{section.6}{Objetos flutuantes}{}
\BOOKMARK [1][]{section.7}{Novos comandos}{}
\BOOKMARK [1][]{section.8}{Trechos sem formata\347\343o e outros ambientes}{}
\BOOKMARK [1][]{section.9}{Outros elementos}{}
\BOOKMARK [1][]{section.10}{Mais figuras}{}
\BOOKMARK [1][]{section.11}{Alinhamento}{}
\BOOKMARK [1][]{section.12}{Novos ambientes}{}
\BOOKMARK [1][]{section.13}{Numerando}{}
\BOOKMARK [1][]{section.14}{Op\347\365es de classe}{}
\BOOKMARK [1][]{section.15}{Quebrando p\341ginas}{}
\BOOKMARK [1][]{section.16}{Descobrindo mais}{}
\BOOKMARK [1][]{section.17}{S\355mbolos}{}
\BOOKMARK [1][]{section.18}{Dividindo o conte\372do em v\341rios arquivos}{}
\BOOKMARK [1][]{section.19}{Tabelas}{}
\BOOKMARK [1][]{section.20}{Matem\341tica}{}
\BOOKMARK [1][]{section.21}{Outros recursos}{}
\BOOKMARK [1][]{section.22}{Medindo}{}
\BOOKMARK [1][]{section.23}{Referenciando coisas}{}
\BOOKMARK [1][]{section*.4}{\315ndice}{}
\BOOKMARK [1][]{section*.6}{GNU Free Documentation License}{}
\BOOKMARK [1][]{section*.7}{1. APPLICABILITY AND DEFINITIONS}{}
